08/02/2023 09:02:26 AM User instance created: name=admin1, id=UUID('5d16f6b0-a7d2-11ed-be16-c01850011082')
08/02/2023 09:02:26 AM User instance created: name=admin1, id=UUID('5d176b4c-a7d2-11ed-8516-c01850011082')
08/02/2023 09:02:26 AM User instance created: name=user1, id=UUID('5d176b4d-a7d2-11ed-a2d1-c01850011082')
08/02/2023 09:02:26 AM User instance created: name=user1, id=UUID('5d17922a-a7d2-11ed-9088-c01850011082')
08/02/2023 09:15:21 AM User instance created: name=user1, id=UUID('2ad26337-a7d4-11ed-8439-c01850011082')
08/02/2023 09:15:21 AM User instance created: name=user1, id=UUID('2ad2d7f0-a7d4-11ed-a48d-c01850011082')
08/02/2023 09:15:21 AM User instance created: name=user1, id=UUID('2ad5e491-a7d4-11ed-9e7d-c01850011082')
08/02/2023 09:15:21 AM User instance created: name=user1, id=UUID('2ad5e492-a7d4-11ed-99be-c01850011082')
08/02/2023 09:15:21 AM User instance created: name=user1, id=UUID('2ad5e493-a7d4-11ed-bb3e-c01850011082')
08/02/2023 09:15:21 AM User instance created: name=user1, id=UUID('2ad60b8a-a7d4-11ed-b098-c01850011082')
08/02/2023 09:15:21 AM User instance created: name=user1, id=UUID('2ad60b8b-a7d4-11ed-bbb9-c01850011082')
08/02/2023 09:15:21 AM User instance created: name=user1, id=UUID('2ad63280-a7d4-11ed-a91e-c01850011082')
08/02/2023 09:15:21 AM User instance created: name=user1, id=UUID('2ad63281-a7d4-11ed-b70c-c01850011082')
08/02/2023 09:15:21 AM User instance created: name=user1, id=UUID('2ad65964-a7d4-11ed-8c79-c01850011082')
08/02/2023 09:15:21 AM User instance created: name=user1, id=UUID('2ad65965-a7d4-11ed-8d0d-c01850011082')
08/02/2023 09:17:25 AM User instance created: name=admin, id=UUID('74ab9df5-a7d4-11ed-9ff3-c01850011082')
08/02/2023 09:17:25 AM User instance created: name=user, id=UUID('74ac12c0-a7d4-11ed-95bc-c01850011082')
08/02/2023 09:17:25 AM User instance created: name=admin, id=UUID('74ac12c1-a7d4-11ed-9925-c01850011082')
08/02/2023 09:17:25 AM User instance created: name=user, id=UUID('74ac39c8-a7d4-11ed-97a0-c01850011082')
08/02/2023 09:17:25 AM User instance created: name=admin, id=UUID('74ac39c9-a7d4-11ed-b1b3-c01850011082')
08/02/2023 09:17:25 AM User instance created: name=user, id=UUID('74ac39ca-a7d4-11ed-83bd-c01850011082')
08/02/2023 09:17:25 AM User instance created: name=admin, id=UUID('74ac39cb-a7d4-11ed-9b05-c01850011082')
08/02/2023 09:17:25 AM User instance created: name=user, id=UUID('74ac39cc-a7d4-11ed-bd0e-c01850011082')
08/02/2023 09:17:25 AM User instance created: name=admin, id=UUID('74ac6100-a7d4-11ed-b571-c01850011082')
08/02/2023 09:17:25 AM User instance created: name=user, id=UUID('74ac6101-a7d4-11ed-8699-c01850011082')
08/02/2023 09:17:25 AM User instance created: name=admin, id=UUID('74ac6102-a7d4-11ed-bebf-c01850011082')
08/02/2023 09:17:25 AM User instance created: name=user, id=UUID('74ac879c-a7d4-11ed-98db-c01850011082')
08/02/2023 09:17:25 AM User instance created: name=admin, id=UUID('74ac879d-a7d4-11ed-88f6-c01850011082')
08/02/2023 09:17:25 AM User instance created: name=user, id=UUID('74ac879e-a7d4-11ed-a9ab-c01850011082')
08/02/2023 09:17:25 AM User instance created: name=admin, id=UUID('74acd61c-a7d4-11ed-9b71-c01850011082')
08/02/2023 09:17:25 AM User instance created: name=user, id=UUID('74acd61d-a7d4-11ed-8096-c01850011082')
08/02/2023 09:17:25 AM User instance created: name=test_user, id=UUID('74acfc7b-a7d4-11ed-a0f5-c01850011082')
08/02/2023 09:17:25 AM User instance created: name=test_user, id=UUID('74acfc7c-a7d4-11ed-882c-c01850011082')
08/02/2023 09:17:25 AM User instance created: name=test_user, id=UUID('74ad2365-a7d4-11ed-b3ca-c01850011082')
08/02/2023 09:17:25 AM User instance created: name=test_user, id=UUID('74ad2366-a7d4-11ed-a021-c01850011082')
08/02/2023 09:17:25 AM User instance created: name=test_user, id=UUID('74ad4be4-a7d4-11ed-9374-c01850011082')
08/02/2023 09:17:25 AM User instance created: name=test_user, id=UUID('74ad4be5-a7d4-11ed-a9c2-c01850011082')
08/02/2023 09:17:25 AM User instance created: name=test_user, id=UUID('74ad7130-a7d4-11ed-b662-c01850011082')
08/02/2023 09:17:25 AM User instance created: name=test_user, id=UUID('74ad7131-a7d4-11ed-92ae-c01850011082')
08/02/2023 09:17:25 AM User instance created: name=test_user, id=UUID('74ad7132-a7d4-11ed-9ded-c01850011082')
08/02/2023 09:18:27 AM User instance created: name=admin, id=UUID('9a1c9d50-a7d4-11ed-acfa-c01850011082')
08/02/2023 09:18:27 AM User instance created: name=user, id=UUID('9a1d122a-a7d4-11ed-a858-c01850011082')
08/02/2023 09:18:27 AM User instance created: name=admin, id=UUID('9a1d3a93-a7d4-11ed-84cb-c01850011082')
08/02/2023 09:18:27 AM User instance created: name=user, id=UUID('9a1d3a94-a7d4-11ed-a20c-c01850011082')
08/02/2023 09:18:27 AM User instance created: name=admin, id=UUID('9a1d3a95-a7d4-11ed-835c-c01850011082')
08/02/2023 09:18:27 AM User instance created: name=user, id=UUID('9a1d5ff4-a7d4-11ed-916f-c01850011082')
08/02/2023 09:18:27 AM User instance created: name=admin, id=UUID('9a1d5ff5-a7d4-11ed-8533-c01850011082')
08/02/2023 09:18:27 AM User instance created: name=user, id=UUID('9a1d5ff6-a7d4-11ed-a39e-c01850011082')
08/02/2023 09:18:27 AM User instance created: name=admin, id=UUID('9a1d5ff7-a7d4-11ed-88a0-c01850011082')
08/02/2023 09:18:27 AM User instance created: name=user, id=UUID('9a1d5ff8-a7d4-11ed-8378-c01850011082')
08/02/2023 09:18:27 AM User instance created: name=admin, id=UUID('9a1d887e-a7d4-11ed-8c86-c01850011082')
08/02/2023 09:18:27 AM User instance created: name=user, id=UUID('9a1d887f-a7d4-11ed-86b4-c01850011082')
08/02/2023 09:18:27 AM User instance created: name=admin, id=UUID('9a1d8880-a7d4-11ed-a68f-c01850011082')
08/02/2023 09:18:27 AM User instance created: name=user, id=UUID('9a1d8881-a7d4-11ed-a503-c01850011082')
08/02/2023 09:18:27 AM User instance created: name=admin, id=UUID('9a1dade3-a7d4-11ed-88da-c01850011082')
08/02/2023 09:18:27 AM User instance created: name=user, id=UUID('9a1dade4-a7d4-11ed-8fe5-c01850011082')
08/02/2023 09:18:27 AM User instance created: name=test_user, id=UUID('9a1dade5-a7d4-11ed-8799-c01850011082')
08/02/2023 09:18:27 AM User instance created: name=test_user, id=UUID('9a1dade6-a7d4-11ed-b3e3-c01850011082')
08/02/2023 09:18:27 AM User instance created: name=test_user, id=UUID('9a1dd638-a7d4-11ed-b779-c01850011082')
08/02/2023 09:18:27 AM User instance created: name=test_user, id=UUID('9a1dd639-a7d4-11ed-b60a-c01850011082')
08/02/2023 09:18:27 AM User instance created: name=test_user, id=UUID('9a1dd63a-a7d4-11ed-a7c5-c01850011082')
08/02/2023 09:18:27 AM User instance created: name=test_user, id=UUID('9a1dfe9a-a7d4-11ed-b29d-c01850011082')
08/02/2023 09:18:27 AM User instance created: name=test_user, id=UUID('9a1dfe9b-a7d4-11ed-bb40-c01850011082')
08/02/2023 09:18:27 AM User instance created: name=test_user, id=UUID('9a1e2428-a7d4-11ed-985a-c01850011082')
08/02/2023 09:18:27 AM User instance created: name=test_user, id=UUID('9a1e2429-a7d4-11ed-a676-c01850011082')
08/02/2023 09:18:36 AM User instance created: name=admin, id=UUID('9ef7f497-a7d4-11ed-8c9c-c01850011082')
08/02/2023 09:18:36 AM User instance created: name=user, id=UUID('9ef81b93-a7d4-11ed-ba32-c01850011082')
08/02/2023 09:18:36 AM User instance created: name=admin, id=UUID('9ef88ffe-a7d4-11ed-8b0a-c01850011082')
08/02/2023 09:18:36 AM User instance created: name=user, id=UUID('9ef88fff-a7d4-11ed-8085-c01850011082')
08/02/2023 09:18:36 AM User instance created: name=admin, id=UUID('9ef8de14-a7d4-11ed-9acf-c01850011082')
08/02/2023 09:18:36 AM User instance created: name=user, id=UUID('9ef904cd-a7d4-11ed-a436-c01850011082')
08/02/2023 09:18:36 AM User instance created: name=admin, id=UUID('9ef92bdb-a7d4-11ed-976f-c01850011082')
08/02/2023 09:18:36 AM User instance created: name=user, id=UUID('9ef92bdc-a7d4-11ed-afc6-c01850011082')
08/02/2023 09:18:36 AM User instance created: name=admin, id=UUID('9ef979c6-a7d4-11ed-ab4b-c01850011082')
08/02/2023 09:18:36 AM User instance created: name=user, id=UUID('9ef979c7-a7d4-11ed-bec4-c01850011082')
08/02/2023 09:18:36 AM User instance created: name=admin, id=UUID('9ef9a2a2-a7d4-11ed-a84b-c01850011082')
08/02/2023 09:18:36 AM User instance created: name=user, id=UUID('9ef9a2a3-a7d4-11ed-8a27-c01850011082')
08/02/2023 09:18:36 AM User instance created: name=admin, id=UUID('9ef9c78e-a7d4-11ed-8246-c01850011082')
08/02/2023 09:18:36 AM User instance created: name=user, id=UUID('9ef9ee96-a7d4-11ed-a7a0-c01850011082')
08/02/2023 09:18:36 AM User instance created: name=admin, id=UUID('9efa154e-a7d4-11ed-aa43-c01850011082')
08/02/2023 09:18:36 AM User instance created: name=user, id=UUID('9efa154f-a7d4-11ed-aca6-c01850011082')
08/02/2023 09:18:36 AM User instance created: name=test_user, id=UUID('9efa3dd9-a7d4-11ed-8b97-c01850011082')
08/02/2023 09:18:36 AM User instance created: name=test_user, id=UUID('9efa3dda-a7d4-11ed-8652-c01850011082')
08/02/2023 09:18:36 AM User instance created: name=test_user, id=UUID('9efa63b4-a7d4-11ed-8f6b-c01850011082')
08/02/2023 09:18:36 AM User instance created: name=test_user, id=UUID('9efa8a28-a7d4-11ed-93b9-c01850011082')
08/02/2023 09:18:36 AM User instance created: name=test_user, id=UUID('9efa8a29-a7d4-11ed-911c-c01850011082')
08/02/2023 09:18:36 AM User instance created: name=test_user, id=UUID('9efab12b-a7d4-11ed-823d-c01850011082')
08/02/2023 09:18:36 AM User instance created: name=test_user, id=UUID('9efb4d7e-a7d4-11ed-adb3-c01850011082')
08/02/2023 09:18:36 AM User instance created: name=test_user, id=UUID('9efb9ad0-a7d4-11ed-9b3d-c01850011082')
08/02/2023 09:18:36 AM User instance created: name=test_user, id=UUID('9efbc246-a7d4-11ed-8098-c01850011082')
08/02/2023 09:19:08 AM User instance created: name=admin, id=UUID('b22f2122-a7d4-11ed-ad44-c01850011082')
08/02/2023 09:19:08 AM User instance created: name=user, id=UUID('b22f6f03-a7d4-11ed-853f-c01850011082')
08/02/2023 09:19:08 AM User instance created: name=admin, id=UUID('b22f95f9-a7d4-11ed-bf88-c01850011082')
08/02/2023 09:19:08 AM User instance created: name=user, id=UUID('b22fbcd5-a7d4-11ed-bee9-c01850011082')
08/02/2023 09:19:08 AM User instance created: name=admin, id=UUID('b22fe3d2-a7d4-11ed-8196-c01850011082')
08/02/2023 09:19:08 AM User instance created: name=user, id=UUID('b22fe3d3-a7d4-11ed-af76-c01850011082')
08/02/2023 09:19:08 AM User instance created: name=admin, id=UUID('b2300ac1-a7d4-11ed-83fe-c01850011082')
08/02/2023 09:19:08 AM User instance created: name=user, id=UUID('b2300ac2-a7d4-11ed-84e0-c01850011082')
08/02/2023 09:19:08 AM User instance created: name=admin, id=UUID('b2300ac4-a7d4-11ed-bcfd-c01850011082')
08/02/2023 09:19:08 AM User instance created: name=user, id=UUID('b2300ac5-a7d4-11ed-8e1e-c01850011082')
08/02/2023 09:19:08 AM User instance created: name=admin, id=UUID('b23058a4-a7d4-11ed-8cde-c01850011082')
08/02/2023 09:19:08 AM User instance created: name=user, id=UUID('b23058a5-a7d4-11ed-b4eb-c01850011082')
08/02/2023 09:19:08 AM User instance created: name=test_user, id=UUID('b23058a7-a7d4-11ed-9f5f-c01850011082')
08/02/2023 09:19:08 AM User instance created: name=admin, id=UUID('b2307f90-a7d4-11ed-80fa-c01850011082')
08/02/2023 09:19:08 AM User instance created: name=user, id=UUID('b2307f91-a7d4-11ed-8ce3-c01850011082')
08/02/2023 09:19:08 AM User instance created: name=admin, id=UUID('b2307f93-a7d4-11ed-80ff-c01850011082')
08/02/2023 09:19:08 AM User instance created: name=user, id=UUID('b230a678-a7d4-11ed-a64a-c01850011082')
08/02/2023 09:19:08 AM User instance created: name=test_user, id=UUID('b230a67a-a7d4-11ed-aa2e-c01850011082')
08/02/2023 09:19:08 AM User instance created: name=test_user, id=UUID('b230ce50-a7d4-11ed-94e5-c01850011082')
08/02/2023 09:19:08 AM User instance created: name=test_user, id=UUID('b230ce51-a7d4-11ed-a7ef-c01850011082')
08/02/2023 09:19:08 AM User instance created: name=test_user, id=UUID('b230ce52-a7d4-11ed-9afd-c01850011082')
08/02/2023 09:19:08 AM User instance created: name=test_user, id=UUID('b230f450-a7d4-11ed-8fdb-c01850011082')
08/02/2023 09:19:08 AM User instance created: name=test_user, id=UUID('b230f451-a7d4-11ed-b74e-c01850011082')
08/02/2023 09:19:08 AM User instance created: name=test_user, id=UUID('b2311b3f-a7d4-11ed-8ae7-c01850011082')
08/02/2023 09:19:08 AM User instance created: name=test_user, id=UUID('b2314238-a7d4-11ed-8ac7-c01850011082')
08/02/2023 09:19:08 AM User instance created: name=test_user, id=UUID('b2316952-a7d4-11ed-84b0-c01850011082')
08/02/2023 09:19:51 AM User instance created: name=admin, id=UUID('cc308fa8-a7d4-11ed-b996-c01850011082')
08/02/2023 09:19:51 AM User instance created: name=user, id=UUID('cc30ddc5-a7d4-11ed-81bf-c01850011082')
08/02/2023 09:19:51 AM User instance created: name=admin, id=UUID('cc312b7b-a7d4-11ed-a110-c01850011082')
08/02/2023 09:19:51 AM User instance created: name=user, id=UUID('cc312b7c-a7d4-11ed-b7b0-c01850011082')
08/02/2023 09:19:51 AM User instance created: name=admin, id=UUID('cc3152b0-a7d4-11ed-a2d6-c01850011082')
08/02/2023 09:19:51 AM User instance created: name=user, id=UUID('cc3152b1-a7d4-11ed-8a61-c01850011082')
08/02/2023 09:19:51 AM User instance created: name=admin, id=UUID('cc3152b3-a7d4-11ed-a848-c01850011082')
08/02/2023 09:19:51 AM User instance created: name=admin, id=UUID('cc317966-a7d4-11ed-9f4e-c01850011082')
08/02/2023 09:19:51 AM User instance created: name=user, id=UUID('cc317967-a7d4-11ed-8d36-c01850011082')
08/02/2023 09:19:51 AM User instance created: name=admin, id=UUID('cc31a0bd-a7d4-11ed-b1ad-c01850011082')
08/02/2023 09:19:51 AM User instance created: name=user, id=UUID('cc31a0be-a7d4-11ed-93ce-c01850011082')
08/02/2023 09:19:51 AM User instance created: name=admin, id=UUID('cc31eee5-a7d4-11ed-b7c7-c01850011082')
08/02/2023 09:19:51 AM User instance created: name=user, id=UUID('cc31eee6-a7d4-11ed-aeb5-c01850011082')
08/02/2023 09:19:51 AM User instance created: name=test_user, id=UUID('cc31eee8-a7d4-11ed-ba9c-c01850011082')
08/02/2023 09:19:51 AM User instance created: name=admin, id=UUID('cc323c24-a7d4-11ed-aa93-c01850011082')
08/02/2023 09:19:51 AM User instance created: name=user, id=UUID('cc323c25-a7d4-11ed-914a-c01850011082')
08/02/2023 09:19:51 AM User instance created: name=admin, id=UUID('cc3262f8-a7d4-11ed-9643-c01850011082')
08/02/2023 09:19:51 AM User instance created: name=user, id=UUID('cc3262f9-a7d4-11ed-8032-c01850011082')
08/02/2023 09:19:51 AM User instance created: name=test_user, id=UUID('cc32b0f1-a7d4-11ed-8215-c01850011082')
08/02/2023 09:19:51 AM User instance created: name=test_user, id=UUID('cc32d7c2-a7d4-11ed-8369-c01850011082')
08/02/2023 09:19:51 AM User instance created: name=test_user, id=UUID('cc32feaf-a7d4-11ed-a5c2-c01850011082')
08/02/2023 09:19:51 AM User instance created: name=test_user, id=UUID('cc32feb0-a7d4-11ed-87b5-c01850011082')
08/02/2023 09:19:51 AM User instance created: name=test_user, id=UUID('cc3325b2-a7d4-11ed-a386-c01850011082')
08/02/2023 09:19:51 AM User instance created: name=test_user, id=UUID('cc3325b3-a7d4-11ed-a33b-c01850011082')
08/02/2023 09:19:51 AM User instance created: name=test_user, id=UUID('cc334c99-a7d4-11ed-8ca4-c01850011082')
08/02/2023 09:19:51 AM User instance created: name=test_user, id=UUID('cc33738c-a7d4-11ed-884f-c01850011082')
08/02/2023 09:19:51 AM User instance created: name=test_user, id=UUID('cc33738d-a7d4-11ed-b45d-c01850011082')
08/02/2023 09:24:08 AM User instance created: name=admin, id=UUID('656782c7-a7d5-11ed-92f5-c01850011082')
08/02/2023 09:24:08 AM User instance created: name=user, id=UUID('6567d0a3-a7d5-11ed-bbf9-c01850011082')
08/02/2023 09:24:08 AM User instance created: name=admin, id=UUID('6567f790-a7d5-11ed-aa20-c01850011082')
08/02/2023 09:24:08 AM User instance created: name=user, id=UUID('6567f791-a7d5-11ed-8f87-c01850011082')
08/02/2023 09:24:08 AM User instance created: name=admin, id=UUID('65681f32-a7d5-11ed-b527-c01850011082')
08/02/2023 09:24:08 AM User instance created: name=user, id=UUID('65681f33-a7d5-11ed-b09d-c01850011082')
08/02/2023 09:24:08 AM User instance created: name=admin, id=UUID('6568457f-a7d5-11ed-9476-c01850011082')
08/02/2023 09:24:08 AM User instance created: name=admin, id=UUID('65684580-a7d5-11ed-ae41-c01850011082')
08/02/2023 09:24:08 AM User instance created: name=user, id=UUID('65684581-a7d5-11ed-9d1a-c01850011082')
08/02/2023 09:24:08 AM User instance created: name=admin, id=UUID('65686c72-a7d5-11ed-8fa4-c01850011082')
08/02/2023 09:24:08 AM User instance created: name=user, id=UUID('65686c73-a7d5-11ed-9f2b-c01850011082')
08/02/2023 09:24:08 AM User instance created: name=admin, id=UUID('65689362-a7d5-11ed-b0f6-c01850011082')
08/02/2023 09:24:08 AM User instance created: name=user, id=UUID('65689363-a7d5-11ed-a3c7-c01850011082')
08/02/2023 09:24:08 AM User instance created: name=test_user, id=UUID('6568ba52-a7d5-11ed-b7a6-c01850011082')
08/02/2023 09:24:08 AM User instance created: name=admin, id=UUID('6568e135-a7d5-11ed-8319-c01850011082')
08/02/2023 09:24:08 AM User instance created: name=user, id=UUID('6569082a-a7d5-11ed-87e1-c01850011082')
08/02/2023 09:24:08 AM User instance created: name=admin, id=UUID('65697cf2-a7d5-11ed-8fb6-c01850011082')
08/02/2023 09:24:08 AM User instance created: name=user, id=UUID('65697cf3-a7d5-11ed-85a6-c01850011082')
08/02/2023 09:24:08 AM User instance created: name=test_user, id=UUID('6569cace-a7d5-11ed-a32a-c01850011082')
08/02/2023 09:24:08 AM User instance created: name=test_user, id=UUID('6569cacf-a7d5-11ed-9a6d-c01850011082')
08/02/2023 09:24:08 AM User instance created: name=test_user, id=UUID('6569f31c-a7d5-11ed-a9c3-c01850011082')
08/02/2023 09:24:08 AM User instance created: name=test_user, id=UUID('6569f31d-a7d5-11ed-b35d-c01850011082')
08/02/2023 09:24:08 AM User instance created: name=test_user, id=UUID('6569f31e-a7d5-11ed-ac5f-c01850011082')
08/02/2023 09:24:08 AM User instance created: name=test_user, id=UUID('6569f31f-a7d5-11ed-9ad5-c01850011082')
08/02/2023 09:24:08 AM User instance created: name=test_user, id=UUID('656a18ac-a7d5-11ed-824f-c01850011082')
08/02/2023 09:24:08 AM User instance created: name=test_user, id=UUID('656a18ad-a7d5-11ed-8dde-c01850011082')
08/02/2023 09:24:08 AM User instance created: name=test_user, id=UUID('656a415e-a7d5-11ed-b99c-c01850011082')
08/02/2023 09:24:34 AM User instance created: name=admin, id=UUID('746a8eb1-a7d5-11ed-9f67-c01850011082')
08/02/2023 09:24:34 AM User instance created: name=user, id=UUID('746addda-a7d5-11ed-a7e9-c01850011082')
08/02/2023 09:24:34 AM User instance created: name=admin, id=UUID('746b0357-a7d5-11ed-ba6a-c01850011082')
08/02/2023 09:24:34 AM User instance created: name=user, id=UUID('746b0358-a7d5-11ed-8d35-c01850011082')
08/02/2023 09:24:34 AM User instance created: name=admin, id=UUID('746b2a54-a7d5-11ed-9ba4-c01850011082')
08/02/2023 09:24:34 AM User instance created: name=user, id=UUID('746b513e-a7d5-11ed-97af-c01850011082')
08/02/2023 09:24:34 AM User instance created: name=admin, id=UUID('746b5140-a7d5-11ed-8cdf-c01850011082')
08/02/2023 09:24:34 AM User instance created: name=admin, id=UUID('746b784a-a7d5-11ed-8248-c01850011082')
08/02/2023 09:24:34 AM User instance created: name=user, id=UUID('746b9f28-a7d5-11ed-a813-c01850011082')
08/02/2023 09:24:34 AM User instance created: name=admin, id=UUID('746bc60f-a7d5-11ed-aa62-c01850011082')
08/02/2023 09:24:34 AM User instance created: name=user, id=UUID('746bc610-a7d5-11ed-a076-c01850011082')
08/02/2023 09:24:34 AM User instance created: name=admin, id=UUID('746bed00-a7d5-11ed-93a0-c01850011082')
08/02/2023 09:24:34 AM User instance created: name=user, id=UUID('746bed01-a7d5-11ed-92fc-c01850011082')
08/02/2023 09:24:34 AM User instance created: name=test_user, id=UUID('746c3acf-a7d5-11ed-8bc5-c01850011082')
08/02/2023 09:24:34 AM User instance created: name=admin, id=UUID('746c88b1-a7d5-11ed-83b9-c01850011082')
08/02/2023 09:24:34 AM User instance created: name=user, id=UUID('746c88b2-a7d5-11ed-9365-c01850011082')
08/02/2023 09:24:34 AM User instance created: name=admin, id=UUID('746cafa9-a7d5-11ed-b6ad-c01850011082')
08/02/2023 09:24:34 AM User instance created: name=user, id=UUID('746cafaa-a7d5-11ed-b3fd-c01850011082')
08/02/2023 09:24:34 AM User instance created: name=test_user, id=UUID('746cd69b-a7d5-11ed-adc2-c01850011082')
08/02/2023 09:24:34 AM User instance created: name=test_user, id=UUID('746cd69c-a7d5-11ed-9858-c01850011082')
08/02/2023 09:24:34 AM User instance created: name=test_user, id=UUID('746cfd87-a7d5-11ed-8192-c01850011082')
08/02/2023 09:24:34 AM User instance created: name=test_user, id=UUID('746cfd88-a7d5-11ed-b99e-c01850011082')
08/02/2023 09:24:34 AM User instance created: name=test_user, id=UUID('746cfd89-a7d5-11ed-839c-c01850011082')
08/02/2023 09:24:34 AM User instance created: name=test_user, id=UUID('746cfd8a-a7d5-11ed-b510-c01850011082')
08/02/2023 09:24:34 AM User instance created: name=test_user, id=UUID('746d26c9-a7d5-11ed-9c68-c01850011082')
08/02/2023 09:24:34 AM User instance created: name=test_user, id=UUID('746d26ca-a7d5-11ed-b9cf-c01850011082')
08/02/2023 09:24:34 AM User instance created: name=test_user, id=UUID('746d4b85-a7d5-11ed-a0f7-c01850011082')
08/02/2023 09:25:17 AM User instance created: name=admin, id=UUID('8dff1d0f-a7d5-11ed-8496-c01850011082')
08/02/2023 09:25:17 AM User instance created: name=user, id=UUID('8dff4408-a7d5-11ed-bb01-c01850011082')
08/02/2023 09:25:17 AM User instance created: name=admin, id=UUID('8dffb878-a7d5-11ed-ba19-c01850011082')
08/02/2023 09:25:17 AM User instance created: name=user, id=UUID('8dffb879-a7d5-11ed-be18-c01850011082')
08/02/2023 09:25:17 AM User instance created: name=admin, id=UUID('8dffdf7e-a7d5-11ed-bc92-c01850011082')
08/02/2023 09:25:17 AM User instance created: name=user, id=UUID('8dffdf7f-a7d5-11ed-a19c-c01850011082')
08/02/2023 09:25:17 AM User instance created: name=admin, id=UUID('8e00066d-a7d5-11ed-a96e-c01850011082')
08/02/2023 09:25:17 AM User instance created: name=admin, id=UUID('8e00066e-a7d5-11ed-a703-c01850011082')
08/02/2023 09:25:17 AM User instance created: name=user, id=UUID('8e00066f-a7d5-11ed-922e-c01850011082')
08/02/2023 09:25:17 AM User instance created: name=admin, id=UUID('8e002d59-a7d5-11ed-ae52-c01850011082')
08/02/2023 09:25:17 AM User instance created: name=user, id=UUID('8e002d5a-a7d5-11ed-b14a-c01850011082')
08/02/2023 09:25:17 AM User instance created: name=admin, id=UUID('8e005449-a7d5-11ed-b42e-c01850011082')
08/02/2023 09:25:17 AM User instance created: name=user, id=UUID('8e00544a-a7d5-11ed-b527-c01850011082')
08/02/2023 09:25:17 AM User instance created: name=test_user, id=UUID('8e007b35-a7d5-11ed-960f-c01850011082')
08/02/2023 09:25:17 AM User instance created: name=admin, id=UUID('8e00a21a-a7d5-11ed-9bc9-c01850011082')
08/02/2023 09:25:17 AM User instance created: name=user, id=UUID('8e00a21b-a7d5-11ed-9477-c01850011082')
08/02/2023 09:25:17 AM User instance created: name=admin, id=UUID('8e00c902-a7d5-11ed-99c7-c01850011082')
08/02/2023 09:25:17 AM User instance created: name=user, id=UUID('8e00c903-a7d5-11ed-8b24-c01850011082')
08/02/2023 09:25:17 AM User instance created: name=test_user, id=UUID('8e0116e2-a7d5-11ed-aa43-c01850011082')
08/02/2023 09:25:17 AM User instance created: name=test_user, id=UUID('8e013de5-a7d5-11ed-8dc4-c01850011082')
08/02/2023 09:25:17 AM User instance created: name=test_user, id=UUID('8e0164cb-a7d5-11ed-86ad-c01850011082')
08/02/2023 09:25:17 AM User instance created: name=test_user, id=UUID('8e0164cc-a7d5-11ed-836b-c01850011082')
08/02/2023 09:25:17 AM User instance created: name=test_user, id=UUID('8e0164cd-a7d5-11ed-974f-c01850011082')
08/02/2023 09:25:17 AM User instance created: name=test_user, id=UUID('8e018bad-a7d5-11ed-aa64-c01850011082')
08/02/2023 09:25:17 AM User instance created: name=test_user, id=UUID('8e018bae-a7d5-11ed-92a5-c01850011082')
08/02/2023 09:25:17 AM User instance created: name=test_user, id=UUID('8e01b2a0-a7d5-11ed-8312-c01850011082')
08/02/2023 09:25:17 AM User instance created: name=test_user, id=UUID('8e01b2a1-a7d5-11ed-91e0-c01850011082')
08/02/2023 09:26:24 AM User instance created: name=admin, id=UUID('b65cb499-a7d5-11ed-925b-c01850011082')
08/02/2023 09:26:24 AM User instance created: name=user, id=UUID('b65cdb7e-a7d5-11ed-a1e2-c01850011082')
08/02/2023 09:26:24 AM User instance created: name=admin, id=UUID('b65d026a-a7d5-11ed-bd3a-c01850011082')
08/02/2023 09:26:24 AM User instance created: name=user, id=UUID('b65d026b-a7d5-11ed-b334-c01850011082')
08/02/2023 09:26:24 AM User instance created: name=admin, id=UUID('b65d295a-a7d5-11ed-9768-c01850011082')
08/02/2023 09:26:24 AM User instance created: name=user, id=UUID('b65d295b-a7d5-11ed-a596-c01850011082')
08/02/2023 09:26:24 AM User instance created: name=admin, id=UUID('b65d295c-a7d5-11ed-a6e1-c01850011082')
08/02/2023 09:26:24 AM User instance created: name=user, id=UUID('b65d5059-a7d5-11ed-9206-c01850011082')
08/02/2023 09:26:24 AM User instance created: name=admin, id=UUID('b65d505a-a7d5-11ed-b0bc-c01850011082')
08/02/2023 09:26:24 AM User instance created: name=user, id=UUID('b65d505b-a7d5-11ed-991f-c01850011082')
08/02/2023 09:26:24 AM User instance created: name=admin, id=UUID('b65d505c-a7d5-11ed-b864-c01850011082')
08/02/2023 09:26:24 AM User instance created: name=user, id=UUID('b65d505d-a7d5-11ed-aacb-c01850011082')
08/02/2023 09:26:24 AM User instance created: name=admin, id=UUID('b65d78d3-a7d5-11ed-a34d-c01850011082')
08/02/2023 09:26:24 AM User instance created: name=user, id=UUID('b65d78d4-a7d5-11ed-80e1-c01850011082')
08/02/2023 09:26:24 AM User instance created: name=admin, id=UUID('b65d78d5-a7d5-11ed-ae97-c01850011082')
08/02/2023 09:26:24 AM User instance created: name=user, id=UUID('b65d78d6-a7d5-11ed-970f-c01850011082')
08/02/2023 09:26:24 AM User instance created: name=test_user, id=UUID('b65d9faf-a7d5-11ed-bc2e-c01850011082')
08/02/2023 09:26:24 AM User instance created: name=test_user, id=UUID('b65d9fb0-a7d5-11ed-80ea-c01850011082')
08/02/2023 09:26:24 AM User instance created: name=test_user, id=UUID('b65d9fb1-a7d5-11ed-9b32-c01850011082')
08/02/2023 09:26:24 AM User instance created: name=test_user, id=UUID('b65dc51d-a7d5-11ed-bb0a-c01850011082')
08/02/2023 09:26:24 AM User instance created: name=test_user, id=UUID('b65dc51e-a7d5-11ed-8c99-c01850011082')
08/02/2023 09:26:24 AM User instance created: name=test_user, id=UUID('b65dc51f-a7d5-11ed-b593-c01850011082')
08/02/2023 09:26:24 AM User instance created: name=test_user, id=UUID('b65dec0b-a7d5-11ed-a113-c01850011082')
08/02/2023 09:26:24 AM User instance created: name=test_user, id=UUID('b65dec0c-a7d5-11ed-a2c1-c01850011082')
08/02/2023 09:26:24 AM User instance created: name=test_user, id=UUID('b65e1356-a7d5-11ed-a7b7-c01850011082')
08/02/2023 09:30:45 AM User instance created: name=admin, id=UUID('51bc741d-a7d6-11ed-b0fc-c01850011082')
08/02/2023 09:30:45 AM User instance created: name=user, id=UUID('51bcc1a4-a7d6-11ed-a79b-c01850011082')
08/02/2023 09:30:45 AM User instance created: name=admin, id=UUID('51bd0d6d-a7d6-11ed-b84d-c01850011082')
08/02/2023 09:30:45 AM User instance created: name=user, id=UUID('51bd0d6e-a7d6-11ed-bc7f-c01850011082')
08/02/2023 09:30:45 AM User instance created: name=admin, id=UUID('51bd3450-a7d6-11ed-991a-c01850011082')
08/02/2023 09:30:45 AM User instance created: name=user, id=UUID('51bd3451-a7d6-11ed-9a39-c01850011082')
08/02/2023 09:30:45 AM User instance created: name=admin, id=UUID('51bd3453-a7d6-11ed-9189-c01850011082')
08/02/2023 09:30:45 AM User instance created: name=admin, id=UUID('51bd5b48-a7d6-11ed-a65a-c01850011082')
08/02/2023 09:30:45 AM User instance created: name=user, id=UUID('51bd5b49-a7d6-11ed-8383-c01850011082')
08/02/2023 09:30:45 AM User instance created: name=admin, id=UUID('51bd5b4b-a7d6-11ed-8dca-c01850011082')
08/02/2023 09:30:45 AM User instance created: name=user, id=UUID('51bd822e-a7d6-11ed-bab7-c01850011082')
08/02/2023 09:30:45 AM User instance created: name=admin, id=UUID('51bd8230-a7d6-11ed-9e5c-c01850011082')
08/02/2023 09:30:45 AM User instance created: name=user, id=UUID('51bd8231-a7d6-11ed-9132-c01850011082')
08/02/2023 09:30:45 AM User instance created: name=test_user, id=UUID('51bda91b-a7d6-11ed-82c6-c01850011082')
08/02/2023 09:30:45 AM User instance created: name=admin, id=UUID('51bda91c-a7d6-11ed-a80a-c01850011082')
08/02/2023 09:30:45 AM User instance created: name=user, id=UUID('51bda91d-a7d6-11ed-bb90-c01850011082')
08/02/2023 09:30:45 AM User instance created: name=admin, id=UUID('51bebe29-a7d6-11ed-8478-c01850011082')
08/02/2023 09:30:45 AM User instance created: name=user, id=UUID('51bebe2a-a7d6-11ed-b4bc-c01850011082')
08/02/2023 09:30:45 AM User instance created: name=test_user, id=UUID('51bee497-a7d6-11ed-874c-c01850011082')
08/02/2023 09:30:45 AM User instance created: name=test_user, id=UUID('51bee498-a7d6-11ed-be9d-c01850011082')
08/02/2023 09:30:45 AM User instance created: name=test_user, id=UUID('51bee499-a7d6-11ed-a159-c01850011082')
08/02/2023 09:30:45 AM User instance created: name=test_user, id=UUID('51bf0b7e-a7d6-11ed-8c04-c01850011082')
08/02/2023 09:30:45 AM User instance created: name=test_user, id=UUID('51bf0b7f-a7d6-11ed-8392-c01850011082')
08/02/2023 09:30:45 AM User instance created: name=test_user, id=UUID('51bf0b80-a7d6-11ed-9174-c01850011082')
08/02/2023 09:30:45 AM User instance created: name=test_user, id=UUID('51bf326b-a7d6-11ed-846c-c01850011082')
08/02/2023 09:30:45 AM User instance created: name=test_user, id=UUID('51bf326c-a7d6-11ed-80e0-c01850011082')
08/02/2023 09:30:45 AM User instance created: name=test_user, id=UUID('51bf597d-a7d6-11ed-a6dd-c01850011082')
08/02/2023 09:30:50 AM User instance created: name=admin, id=UUID('54c93608-a7d6-11ed-82ff-c01850011082')
08/02/2023 09:30:50 AM User instance created: name=user, id=UUID('54c9aaed-a7d6-11ed-a047-c01850011082')
08/02/2023 09:30:50 AM User instance created: name=admin, id=UUID('54c9d1ce-a7d6-11ed-976f-c01850011082')
08/02/2023 09:30:50 AM User instance created: name=user, id=UUID('54c9d1cf-a7d6-11ed-8afb-c01850011082')
08/02/2023 09:30:50 AM User instance created: name=admin, id=UUID('54c9f8b4-a7d6-11ed-94ab-c01850011082')
08/02/2023 09:30:50 AM User instance created: name=user, id=UUID('54c9f8b5-a7d6-11ed-81c0-c01850011082')
08/02/2023 09:30:50 AM User instance created: name=admin, id=UUID('54ca1fc9-a7d6-11ed-aca5-c01850011082')
08/02/2023 09:30:50 AM User instance created: name=admin, id=UUID('54ca1fca-a7d6-11ed-89a1-c01850011082')
08/02/2023 09:30:50 AM User instance created: name=user, id=UUID('54ca1fcb-a7d6-11ed-a403-c01850011082')
08/02/2023 09:30:50 AM User instance created: name=admin, id=UUID('54ca4686-a7d6-11ed-8838-c01850011082')
08/02/2023 09:30:50 AM User instance created: name=user, id=UUID('54ca4687-a7d6-11ed-993e-c01850011082')
08/02/2023 09:30:50 AM User instance created: name=admin, id=UUID('54ca4689-a7d6-11ed-8258-c01850011082')
08/02/2023 09:30:50 AM User instance created: name=user, id=UUID('54ca6d86-a7d6-11ed-8ab0-c01850011082')
08/02/2023 09:30:50 AM User instance created: name=test_user, id=UUID('54ca94be-a7d6-11ed-a4bc-c01850011082')
08/02/2023 09:30:50 AM User instance created: name=admin, id=UUID('54cabb5a-a7d6-11ed-a588-c01850011082')
08/02/2023 09:30:50 AM User instance created: name=user, id=UUID('54cabb5b-a7d6-11ed-9553-c01850011082')
08/02/2023 09:30:50 AM User instance created: name=admin, id=UUID('54cae247-a7d6-11ed-96d4-c01850011082')
08/02/2023 09:30:50 AM User instance created: name=user, id=UUID('54cae248-a7d6-11ed-8488-c01850011082')
08/02/2023 09:30:50 AM User instance created: name=test_user, id=UUID('54cae24a-a7d6-11ed-b931-c01850011082')
08/02/2023 09:30:50 AM User instance created: name=test_user, id=UUID('54cb0933-a7d6-11ed-a74e-c01850011082')
08/02/2023 09:30:50 AM User instance created: name=test_user, id=UUID('54cb0934-a7d6-11ed-b27a-c01850011082')
08/02/2023 09:30:50 AM User instance created: name=test_user, id=UUID('54cb0935-a7d6-11ed-81e4-c01850011082')
08/02/2023 09:30:50 AM User instance created: name=test_user, id=UUID('54cb0936-a7d6-11ed-a67e-c01850011082')
08/02/2023 09:30:50 AM User instance created: name=test_user, id=UUID('54cb0937-a7d6-11ed-b281-c01850011082')
08/02/2023 09:30:50 AM User instance created: name=test_user, id=UUID('54cb3022-a7d6-11ed-b6b2-c01850011082')
08/02/2023 09:30:50 AM User instance created: name=test_user, id=UUID('54cb3023-a7d6-11ed-8e29-c01850011082')
08/02/2023 09:30:50 AM User instance created: name=test_user, id=UUID('54cb3024-a7d6-11ed-952a-c01850011082')
